排程 2024/10/09 11:24:47 報表試寄, Schedule ID : 1
排程 2024/10/09 11:24:47 報表試寄完成, Schedule ID : 1
排程 2024/10/09 11:24:47 schedule name: 每日報表
截圖 2024/10/09 11:24:47 element name: ESinsight_Nodes開始執行截圖
ERROR 2024/10/09 11:25:08 Dashboard Screenshot error websocket url timeout reached
ERROR 2024/10/09 11:25:08 ScreenshotbyReport error websocket url timeout reached
截圖 2024/10/09 11:25:11 element name: ESinsight_Nodes完成截圖
ERROR 2024/10/09 11:25:11 ScreenshotbyReport errorwebsocket url timeout reached
排程 2024/10/09 11:42:05 報表試寄, Schedule ID : 1
排程 2024/10/09 11:42:05 報表試寄完成, Schedule ID : 1
排程 2024/10/09 11:42:05 schedule name: 每日報表
截圖 2024/10/09 11:42:05 element name: ESinsight_Nodes開始執行截圖
ERROR 2024/10/09 11:42:25 Dashboard Screenshot error websocket url timeout reached
ERROR 2024/10/09 11:42:25 ScreenshotbyReport error websocket url timeout reached
截圖 2024/10/09 11:42:28 element name: ESinsight_Nodes完成截圖
ERROR 2024/10/09 11:42:28 ScreenshotbyReport errorwebsocket url timeout reached
排程 2024/10/09 11:49:07 報表試寄, Schedule ID : 1
排程 2024/10/09 11:49:07 報表試寄完成, Schedule ID : 1
排程 2024/10/09 11:49:07 schedule name: 每日報表
截圖 2024/10/09 11:49:07 element name: ESinsight_Nodes開始執行截圖
ERROR 2024/10/09 11:49:28 Dashboard Screenshot error websocket url timeout reached
ERROR 2024/10/09 11:49:28 ScreenshotbyReport error websocket url timeout reached
截圖 2024/10/09 11:49:31 element name: ESinsight_Nodes完成截圖
ERROR 2024/10/09 11:49:31 ScreenshotbyReport errorwebsocket url timeout reached
排程 2024/10/09 11:53:08 報表試寄, Schedule ID : 1
排程 2024/10/09 11:53:08 報表試寄完成, Schedule ID : 1
排程 2024/10/09 11:53:08 schedule name: 每日報表
截圖 2024/10/09 11:53:09 element name: ESinsight_Nodes開始執行截圖
截圖 2024/10/09 11:53:58 element name: ESinsight_Nodes完成截圖
排程 2024/10/09 11:54:09 report name: test_report 開始產出
排程 2024/10/09 12:08:23 報表試寄, Schedule ID : 1
排程 2024/10/09 12:08:23 報表試寄完成, Schedule ID : 1
排程 2024/10/09 12:08:23 schedule name: 每日報表
截圖 2024/10/09 12:08:23 element name: ESinsight_Nodes開始執行截圖
截圖 2024/10/09 12:09:10 element name: ESinsight_Nodes完成截圖
排程 2024/10/09 12:09:20 report name: test_report 開始產出
排程 2024/10/09 12:09:21 report name: test_report 完成產出
排程 2024/10/09 12:09:27 信件送出成功
排程 2024/10/09 12:11:00 報表試寄, Schedule ID : 1
排程 2024/10/09 12:11:00 報表試寄完成, Schedule ID : 1
排程 2024/10/09 12:11:00 schedule name: 每日報表
截圖 2024/10/09 12:11:00 element name: ESinsight_Nodes開始執行截圖
截圖 2024/10/09 12:11:45 element name: ESinsight_Nodes完成截圖
排程 2024/10/09 12:11:55 report name: test_report 開始產出
排程 2024/10/09 12:11:56 report name: test_report 完成產出
排程 2024/10/09 12:12:02 信件送出成功
排程 2024/10/09 12:15:03 報表試寄, Schedule ID : 1
排程 2024/10/09 12:15:03 報表試寄完成, Schedule ID : 1
排程 2024/10/09 12:15:03 schedule name: 每日報表
截圖 2024/10/09 12:15:03 element name: ESinsight_Nodes開始執行截圖
截圖 2024/10/09 12:15:54 element name: ESinsight_Nodes完成截圖
排程 2024/10/09 12:16:04 report name: test_report 開始產出
排程 2024/10/09 12:16:05 report name: test_report 完成產出
排程 2024/10/09 12:16:11 信件送出成功
排程 2024/10/09 13:10:22 報表試寄, Schedule ID : 1
排程 2024/10/09 13:10:22 報表試寄完成, Schedule ID : 1
排程 2024/10/09 13:10:22 schedule name: 每日報表
排程 2024/10/09 13:10:32 report name: test_report 開始產出
排程 2024/10/09 13:10:33 report name: test_report 完成產出
排程 2024/10/09 13:10:36 信件送出成功
排程 2024/10/09 13:13:59 報表試寄, Schedule ID : 1
排程 2024/10/09 13:13:59 報表試寄完成, Schedule ID : 1
排程 2024/10/09 13:13:59 schedule name: 每日報表
排程 2024/10/09 13:14:10 report name: test_report 開始產出
排程 2024/10/09 13:14:10 report name: test_report 完成產出
排程 2024/10/09 13:14:14 信件送出成功
排程 2024/10/09 13:15:28 報表試寄, Schedule ID : 1
排程 2024/10/09 13:15:28 報表試寄完成, Schedule ID : 1
排程 2024/10/09 13:15:28 schedule name: 每日報表
排程 2024/10/09 13:15:39 report name: test_report 開始產出
排程 2024/10/09 13:15:39 report name: test_report 完成產出
排程 2024/10/09 13:15:43 信件送出成功
排程 2024/10/09 13:16:46 報表試寄, Schedule ID : 1
排程 2024/10/09 13:16:46 報表試寄完成, Schedule ID : 1
排程 2024/10/09 13:16:46 schedule name: 每日報表
排程 2024/10/09 13:16:57 report name: test_report 開始產出
排程 2024/10/09 13:16:57 report name: test_report 完成產出
排程 2024/10/09 13:17:00 信件送出成功
---------------------------------
排程 2024/10/09 13:33:49 報表試寄, Schedule ID : 1
排程 2024/10/09 13:33:49 報表試寄完成, Schedule ID : 1
排程 2024/10/09 13:33:49 schedule name: 每日報表
Dubug 2024/10/09 13:33:49 截圖:
排程 2024/10/09 13:34:00 report name: test_report 開始產出
排程 2024/10/09 13:34:01 report name: test_report 完成產出
排程 2024/10/09 13:34:05 信件送出成功
排程 2024/10/09 13:36:22 報表試寄, Schedule ID : 1
排程 2024/10/09 13:36:22 報表試寄完成, Schedule ID : 1
排程 2024/10/09 13:36:22 schedule name: 每日報表
Dubug 2024/10/09 13:36:22 截圖:
排程 2024/10/09 13:36:32 report name: test_report 開始產出
排程 2024/10/09 13:36:32 report name: test_report 完成產出
排程 2024/10/09 13:36:36 信件送出成功
排程 2024/10/09 13:37:45 報表試寄, Schedule ID : 1
排程 2024/10/09 13:37:45 報表試寄完成, Schedule ID : 1
排程 2024/10/09 13:37:46 schedule name: 每日報表
Dubug 2024/10/09 13:37:46 截圖:
Dubug 2024/10/09 13:37:46 ScreenshotbySchedule:
排程 2024/10/09 13:37:56 report name: test_report 開始產出
排程 2024/10/09 13:37:56 report name: test_report 完成產出
排程 2024/10/09 13:37:59 信件送出成功
排程 2024/10/09 13:43:50 報表試寄, Schedule ID : 1
排程 2024/10/09 13:43:50 報表試寄完成, Schedule ID : 1
排程 2024/10/09 13:43:50 schedule name: 每日報表
Dubug 2024/10/09 13:43:50 截圖:
Dubug 2024/10/09 13:43:50 ScreenshotbySchedule:
截圖 2024/10/09 13:43:50 element name: ESinsight_Nodes開始執行截圖
Dubug 2024/10/09 13:43:50 kibanaElementScreenshotWithAuth_timeout:
截圖 2024/10/09 13:44:38 element name: ESinsight_Nodes完成截圖
排程 2024/10/09 13:44:48 report name: test_report 開始產出
排程 2024/10/09 13:44:49 report name: test_report 完成產出
排程 2024/10/09 13:44:55 信件送出成功
排程 2024/10/09 13:51:16 報表試寄, Schedule ID : 1
排程 2024/10/09 13:51:16 報表試寄完成, Schedule ID : 1
排程 2024/10/09 13:51:16 schedule name: 每日報表
Dubug 2024/10/09 13:51:16 截圖:
Dubug 2024/10/09 13:51:16 ScreenshotbySchedule:
截圖 2024/10/09 13:51:16 element name: ESinsight_Nodes開始執行截圖
Dubug 2024/10/09 13:51:16 kibanaElementScreenshotWithAuth_timeout:
截圖 2024/10/09 13:52:06 element name: ESinsight_Nodes完成截圖
排程 2024/10/09 13:52:17 report name: test_report 開始產出
排程 2024/10/09 13:52:17 report name: test_report 完成產出
排程 2024/10/09 13:52:23 信件送出成功
排程 2024/10/09 13:53:36 報表試寄, Schedule ID : 1
排程 2024/10/09 13:53:36 報表試寄完成, Schedule ID : 1
排程 2024/10/09 13:53:36 schedule name: 每日報表
Dubug 2024/10/09 13:53:36 截圖:
Dubug 2024/10/09 13:53:36 ScreenshotbySchedule:
截圖 2024/10/09 13:53:36 element name: ESinsight_Nodes開始執行截圖
Dubug 2024/10/09 13:53:36 kibanaElementScreenshotWithAuth_timeout:
截圖 2024/10/09 13:54:23 element name: ESinsight_Nodes完成截圖
排程 2024/10/09 13:54:33 report name: test_report 開始產出
排程 2024/10/09 13:54:33 report name: test_report 完成產出
排程 2024/10/09 13:54:40 信件送出成功
排程 2024/10/09 13:57:37 報表試寄, Schedule ID : 1
排程 2024/10/09 13:57:37 報表試寄完成, Schedule ID : 1
排程 2024/10/09 13:57:37 schedule name: 每日報表
Dubug 2024/10/09 13:57:37 截圖:
Dubug 2024/10/09 13:57:37 ScreenshotbySchedule:
截圖 2024/10/09 13:57:37 element name: ESinsight_Nodes開始執行截圖
Dubug 2024/10/09 13:57:37 kibanaElementScreenshotWithAuth_timeout:
截圖 2024/10/09 13:58:23 element name: ESinsight_Nodes完成截圖
排程 2024/10/09 13:58:33 report name: test_report 開始產出
排程 2024/10/09 13:58:33 report name: test_report 完成產出
排程 2024/10/09 13:58:40 信件送出成功
排程 2024/10/09 14:35:51 報表試寄, Schedule ID : 1
排程 2024/10/09 14:35:51 報表試寄完成, Schedule ID : 1
排程 2024/10/09 14:35:51 schedule name: 每日報表
Dubug 2024/10/09 14:35:51 截圖:
Dubug 2024/10/09 14:35:51 ScreenshotbySchedule:
截圖 2024/10/09 14:35:51 element name: ESinsight_Nodes開始執行截圖
Dubug 2024/10/09 14:35:51 kibanaElementScreenshotWithAuth_timeout:
截圖 2024/10/09 14:36:37 element name: ESinsight_Nodes完成截圖
排程 2024/10/09 14:36:47 report name: test_report 開始產出
排程 2024/10/09 14:36:48 report name: test_report 完成產出
排程 2024/10/09 14:36:54 信件送出成功
排程 2024/10/09 14:38:46 報表試寄, Schedule ID : 1
排程 2024/10/09 14:38:46 報表試寄完成, Schedule ID : 1
排程 2024/10/09 14:38:47 schedule name: 每日報表
Dubug 2024/10/09 14:38:47 截圖:
Dubug 2024/10/09 14:38:47 ScreenshotbySchedule:
截圖 2024/10/09 14:38:47 element name: ESinsight_Nodes開始執行截圖
Dubug 2024/10/09 14:38:47 kibanaElementScreenshotWithAuth_timeout:
截圖 2024/10/09 14:39:33 element name: ESinsight_Nodes完成截圖
排程 2024/10/09 14:39:43 report name: test_report 開始產出
排程 2024/10/09 14:39:43 report name: test_report 完成產出
排程 2024/10/09 14:39:50 信件送出成功
排程 2024/10/09 14:56:19 報表試寄, Schedule ID : 1
排程 2024/10/09 14:56:19 報表試寄完成, Schedule ID : 1
排程 2024/10/09 14:56:19 schedule name: 每日報表
Dubug 2024/10/09 14:56:19 截圖:
Dubug 2024/10/09 14:56:19 ScreenshotbySchedule:
截圖 2024/10/09 14:56:19 element name: ESinsight_Nodes開始執行截圖
Dubug 2024/10/09 14:56:19 kibanaElementScreenshotWithAuth_timeout:
截圖 2024/10/09 14:57:10 element name: ESinsight_Nodes完成截圖
排程 2024/10/09 14:57:21 report name: test_report 開始產出
排程 2024/10/09 14:57:23 report name: test_report 完成產出
排程 2024/10/09 14:57:30 信件送出成功
排程 2024/10/09 15:02:53 報表試寄, Schedule ID : 1
排程 2024/10/09 15:02:53 報表試寄完成, Schedule ID : 1
排程 2024/10/09 15:02:53 schedule name: 每日報表
Dubug 2024/10/09 15:02:53 截圖:
Dubug 2024/10/09 15:02:53 ScreenshotbySchedule:
截圖 2024/10/09 15:02:53 element name: ESinsight_Nodes開始執行截圖
Dubug 2024/10/09 15:02:53 kibanaElementScreenshotWithAuth_timeout:
截圖 2024/10/09 15:03:41 element name: ESinsight_Nodes完成截圖
排程 2024/10/09 15:03:51 report name: test_report 開始產出
排程 2024/10/09 15:03:52 report name: test_report 完成產出
排程 2024/10/09 15:03:59 信件送出成功
排程 2024/10/09 15:31:59 報表試寄, Schedule ID : 1
排程 2024/10/09 15:31:59 報表試寄完成, Schedule ID : 1
排程 2024/10/09 15:31:59 schedule name: 每日報表
Dubug 2024/10/09 15:31:59 截圖:
Dubug 2024/10/09 15:31:59 ScreenshotbySchedule:
排程 2024/10/09 15:32:09 report name: test_report 開始產出
排程 2024/10/09 15:32:10 report name: test_report 完成產出
排程 2024/10/09 15:32:14 信件送出成功
排程 2024/10/09 15:33:58 報表試寄, Schedule ID : 1
排程 2024/10/09 15:33:58 報表試寄完成, Schedule ID : 1
排程 2024/10/09 15:33:58 schedule name: 每日報表
Dubug 2024/10/09 15:33:58 截圖:
Dubug 2024/10/09 15:33:58 ScreenshotbySchedule:
排程 2024/10/09 15:34:08 report name: test_report 開始產出
排程 2024/10/09 15:34:09 report name: test_report 完成產出
排程 2024/10/09 15:34:12 信件送出成功
排程 2024/10/09 15:37:09 報表試寄, Schedule ID : 1
排程 2024/10/09 15:37:09 報表試寄完成, Schedule ID : 1
排程 2024/10/09 15:37:09 schedule name: 每日報表
Dubug 2024/10/09 15:37:09 截圖:
Dubug 2024/10/09 15:37:09 ScreenshotbySchedule:
排程 2024/10/09 15:37:19 report name: test_report 開始產出
排程 2024/10/09 15:37:19 report name: test_report 完成產出
排程 2024/10/09 15:37:23 信件送出成功
排程 2024/10/09 15:39:42 報表試寄, Schedule ID : 1
排程 2024/10/09 15:39:42 報表試寄完成, Schedule ID : 1
排程 2024/10/09 15:39:42 schedule name: 每日報表
Dubug 2024/10/09 15:39:42 截圖:
Dubug 2024/10/09 15:39:42 ScreenshotbySchedule:
排程 2024/10/09 15:39:52 report name: test_report 開始產出
排程 2024/10/09 15:39:53 report name: test_report 完成產出
排程 2024/10/09 15:39:56 信件送出成功
排程 2024/10/09 15:40:51 報表試寄, Schedule ID : 1
排程 2024/10/09 15:40:51 報表試寄完成, Schedule ID : 1
排程 2024/10/09 15:40:51 schedule name: 每日報表
Dubug 2024/10/09 15:40:51 截圖:
Dubug 2024/10/09 15:40:51 ScreenshotbySchedule:
排程 2024/10/09 15:41:01 report name: test_report 開始產出
排程 2024/10/09 15:41:02 report name: test_report 完成產出
排程 2024/10/09 15:41:05 信件送出成功
排程 2024/10/09 15:44:04 報表試寄, Schedule ID : 1
排程 2024/10/09 15:44:04 報表試寄完成, Schedule ID : 1
排程 2024/10/09 15:44:04 schedule name: 每日報表
Dubug 2024/10/09 15:44:04 截圖:
Dubug 2024/10/09 15:44:04 ScreenshotbySchedule:
排程 2024/10/09 15:44:14 report name: test_report 開始產出
排程 2024/10/09 15:44:15 report name: test_report 完成產出
排程 2024/10/09 15:44:18 信件送出成功
排程 2024/10/09 15:46:59 報表試寄, Schedule ID : 1
排程 2024/10/09 15:46:59 報表試寄完成, Schedule ID : 1
排程 2024/10/09 15:46:59 schedule name: 每日報表
Dubug 2024/10/09 15:46:59 截圖:
Dubug 2024/10/09 15:46:59 ScreenshotbySchedule:
排程 2024/10/09 15:47:09 report name: test_report 開始產出
排程 2024/10/09 15:47:09 report name: test_report 完成產出
排程 2024/10/09 15:47:13 信件送出成功
