排程 2025/01/09 13:46:07 報表試寄, Schedule ID : 1
排程 2025/01/09 13:46:07 報表試寄完成, Schedule ID : 1
排程 2025/01/09 13:46:07 schedule name: 每日報表
截圖 2025/01/09 13:46:07 element name: Auth-login開始執行截圖
截圖 2025/01/09 13:46:39 element name: Auth-login完成截圖
截圖 2025/01/09 13:46:42 element name: Penny_trend_stellar_log開始執行截圖
截圖 2025/01/09 13:47:15 element name: Penny_trend_stellar_log完成截圖
截圖 2025/01/09 13:47:18 element name: juniper_trace開始執行截圖
ERROR 2025/01/09 13:47:20 Dashboard Screenshot error 登錄或加載儀表板失敗: page load error net::ERR_CERT_AUTHORITY_INVALID
ERROR 2025/01/09 13:47:20 ScreenshotbyReport error 登錄或加載儀表板失敗: page load error net::ERR_CERT_AUTHORITY_INVALID
ERROR 2025/01/09 13:47:23 ScreenshotbyReport error登錄或加載儀表板失敗: page load error net::ERR_CERT_AUTHORITY_INVALID
排程 2025/01/09 13:58:31 報表試寄, Schedule ID : 1
排程 2025/01/09 13:58:31 報表試寄完成, Schedule ID : 1
排程 2025/01/09 13:58:31 schedule name: 每日報表
截圖 2025/01/09 13:58:31 element name: Auth-login開始執行截圖
截圖 2025/01/09 13:59:03 element name: Auth-login完成截圖
截圖 2025/01/09 13:59:06 element name: Penny_trend_stellar_log開始執行截圖
截圖 2025/01/09 13:59:37 element name: Penny_trend_stellar_log完成截圖
截圖 2025/01/09 13:59:40 element name: juniper_trace開始執行截圖
截圖 2025/01/09 14:00:14 element name: juniper_trace完成截圖
排程 2025/01/09 14:00:27 report name: russell_test測試 開始產出
排程 2025/01/09 14:00:27 report name: russell_test測試 完成產出
排程 2025/01/09 14:00:32 信件送出成功
排程 2025/01/09 14:17:50 報表試寄, Schedule ID : 1
排程 2025/01/09 14:17:50 報表試寄完成, Schedule ID : 1
排程 2025/01/09 14:17:51 schedule name: 每日報表
截圖 2025/01/09 14:17:51 element name: Auth-login開始執行截圖
截圖 2025/01/09 14:18:26 element name: Auth-login完成截圖
截圖 2025/01/09 14:18:29 element name: 總統教育獎AP_登錄失敗開始執行截圖
ERROR 2025/01/09 14:19:59 Dashboard Screenshot error 登錄或加載儀表板失敗: context deadline exceeded
ERROR 2025/01/09 14:19:59 ScreenshotbyReport error 登錄或加載儀表板失敗: context deadline exceeded
ERROR 2025/01/09 14:20:02 ScreenshotbyReport error登錄或加載儀表板失敗: context deadline exceeded
排程 2025/01/09 14:26:38 報表試寄, Schedule ID : 1
排程 2025/01/09 14:26:38 報表試寄完成, Schedule ID : 1
排程 2025/01/09 14:26:38 schedule name: 每日報表
截圖 2025/01/09 14:26:38 element name: Auth-login開始執行截圖
截圖 2025/01/09 14:27:11 element name: Auth-login完成截圖
截圖 2025/01/09 14:27:14 element name: 總統教育獎AP_登錄失敗開始執行截圖
ERROR 2025/01/09 14:28:44 Dashboard Screenshot error 登錄或加載儀表板失敗: context deadline exceeded
ERROR 2025/01/09 14:28:44 ScreenshotbyReport error 登錄或加載儀表板失敗: context deadline exceeded
ERROR 2025/01/09 14:28:47 ScreenshotbyReport error登錄或加載儀表板失敗: context deadline exceeded
排程 2025/01/09 14:33:28 報表試寄, Schedule ID : 1
排程 2025/01/09 14:33:28 報表試寄完成, Schedule ID : 1
排程 2025/01/09 14:33:28 schedule name: 每日報表
截圖 2025/01/09 14:33:28 element name: Auth-login開始執行截圖
截圖 2025/01/09 14:34:04 element name: Auth-login完成截圖
截圖 2025/01/09 14:34:07 element name: 總統教育獎AP_登錄失敗開始執行截圖
ERROR 2025/01/09 14:36:07 Dashboard Screenshot error 登錄或加載儀表板失敗: context deadline exceeded
ERROR 2025/01/09 14:36:07 ScreenshotbyReport error 登錄或加載儀表板失敗: context deadline exceeded
ERROR 2025/01/09 14:36:10 ScreenshotbyReport error登錄或加載儀表板失敗: context deadline exceeded
排程 2025/01/09 14:43:10 報表試寄, Schedule ID : 1
排程 2025/01/09 14:43:10 報表試寄完成, Schedule ID : 1
排程 2025/01/09 14:43:10 schedule name: 每日報表
截圖 2025/01/09 14:43:10 element name: Auth-login開始執行截圖
截圖 2025/01/09 14:43:52 element name: Auth-login完成截圖
截圖 2025/01/09 14:43:55 element name: 總統教育獎AP_登錄失敗開始執行截圖
截圖 2025/01/09 14:44:33 element name: 總統教育獎AP_登錄失敗完成截圖
截圖 2025/01/09 14:44:36 element name: 總統教育獎AP_登錄成功開始執行截圖
截圖 2025/01/09 14:45:12 element name: 總統教育獎AP_登錄成功完成截圖
排程 2025/01/09 14:45:25 report name: russell_test測試 開始產出
排程 2025/01/09 14:45:26 report name: russell_test測試 完成產出
排程 2025/01/09 14:45:37 信件送出成功
排程 2025/01/09 14:51:28 報表試寄, Schedule ID : 1
排程 2025/01/09 14:51:28 報表試寄完成, Schedule ID : 1
排程 2025/01/09 14:51:28 schedule name: 每日報表
截圖 2025/01/09 14:51:28 element name: Auth-login開始執行截圖
截圖 2025/01/09 14:52:14 element name: Auth-login完成截圖
截圖 2025/01/09 14:52:17 element name: 總統教育獎AP_登錄失敗開始執行截圖
截圖 2025/01/09 14:52:56 element name: 總統教育獎AP_登錄失敗完成截圖
截圖 2025/01/09 14:52:59 element name: 總統教育獎AP_登錄成功開始執行截圖
截圖 2025/01/09 14:53:34 element name: 總統教育獎AP_登錄成功完成截圖
排程 2025/01/09 14:53:47 report name: russell_test測試 開始產出
排程 2025/01/09 14:53:48 report name: russell_test測試 完成產出
排程 2025/01/09 14:53:58 信件送出成功
排程 2025/01/09 14:55:53 報表試寄, Schedule ID : 1
排程 2025/01/09 14:55:53 報表試寄完成, Schedule ID : 1
排程 2025/01/09 14:55:53 schedule name: 每日報表
截圖 2025/01/09 14:55:53 element name: Auth-login開始執行截圖
截圖 2025/01/09 14:56:27 element name: Auth-login完成截圖
截圖 2025/01/09 14:56:30 element name: 總統教育獎AP_登錄失敗開始執行截圖
截圖 2025/01/09 14:57:17 element name: 總統教育獎AP_登錄失敗完成截圖
截圖 2025/01/09 14:57:20 element name: 總統教育獎AP_登錄成功開始執行截圖
截圖 2025/01/09 14:57:59 element name: 總統教育獎AP_登錄成功完成截圖
排程 2025/01/09 14:58:12 report name: russell_test測試 開始產出
排程 2025/01/09 14:58:13 report name: russell_test測試 完成產出
排程 2025/01/09 14:58:24 信件送出成功
排程 2025/01/09 15:08:39 報表試寄, Schedule ID : 1
排程 2025/01/09 15:08:39 報表試寄完成, Schedule ID : 1
排程 2025/01/09 15:08:40 schedule name: 每日報表
截圖 2025/01/09 15:08:40 element name: Auth-login開始執行截圖
截圖 2025/01/09 15:09:13 element name: Auth-login完成截圖
截圖 2025/01/09 15:09:16 element name: 總統教育獎AP_登錄失敗開始執行截圖
截圖 2025/01/09 15:10:01 element name: 總統教育獎AP_登錄失敗完成截圖
截圖 2025/01/09 15:10:04 element name: 總統教育獎AP_登錄成功開始執行截圖
截圖 2025/01/09 15:10:40 element name: 總統教育獎AP_登錄成功完成截圖
排程 2025/01/09 15:10:53 report name: russell_test測試 開始產出
排程 2025/01/09 15:10:55 report name: russell_test測試 完成產出
排程 2025/01/09 15:11:07 信件送出成功
排程 2025/01/09 15:38:51 報表試寄, Schedule ID : 1
排程 2025/01/09 15:38:51 報表試寄完成, Schedule ID : 1
排程 2025/01/09 15:38:52 schedule name: 每日報表
截圖 2025/01/09 15:38:52 element name: Auth-login開始執行截圖
截圖 2025/01/09 15:39:25 element name: Auth-login完成截圖
截圖 2025/01/09 15:39:28 element name: 總統教育獎AP_登錄失敗開始執行截圖
截圖 2025/01/09 15:40:03 element name: 總統教育獎AP_登錄失敗完成截圖
截圖 2025/01/09 15:40:06 element name: 總統教育獎AP_登錄成功開始執行截圖
截圖 2025/01/09 15:40:57 element name: 總統教育獎AP_登錄成功完成截圖
排程 2025/01/09 15:41:10 report name: russell_test測試 開始產出
排程 2025/01/09 15:41:11 report name: russell_test測試 完成產出
排程 2025/01/09 15:41:23 信件送出成功
排程 2025/01/09 15:52:15 報表試寄, Schedule ID : 1
排程 2025/01/09 15:52:15 報表試寄完成, Schedule ID : 1
排程 2025/01/09 15:52:15 schedule name: 每日報表
排程 2025/01/09 15:52:25 report name: table測試 開始產出
排程 2025/01/09 15:52:26 report name: table測試 完成產出
排程 2025/01/09 15:52:29 信件送出成功
排程 2025/01/09 16:01:07 報表試寄, Schedule ID : 1
排程 2025/01/09 16:01:07 報表試寄完成, Schedule ID : 1
排程 2025/01/09 16:01:07 schedule name: 每日報表
排程 2025/01/09 16:01:17 report name: table測試 開始產出
排程 2025/01/09 16:01:18 report name: table測試 完成產出
排程 2025/01/09 16:01:22 信件送出成功
排程 2025/01/09 16:06:16 報表試寄, Schedule ID : 1
排程 2025/01/09 16:06:16 報表試寄完成, Schedule ID : 1
排程 2025/01/09 16:06:16 schedule name: 每日報表
排程 2025/01/09 16:06:27 report name: table測試 開始產出
排程 2025/01/09 16:06:27 report name: table測試 完成產出
排程 2025/01/09 16:06:32 信件送出成功
排程 2025/01/09 16:10:41 報表試寄, Schedule ID : 1
排程 2025/01/09 16:10:41 報表試寄完成, Schedule ID : 1
排程 2025/01/09 16:10:41 schedule name: 每日報表
排程 2025/01/09 16:10:51 report name: table測試 開始產出
排程 2025/01/09 16:10:51 report name: table測試 完成產出
排程 2025/01/09 16:11:00 信件送出成功
