排程 2024/09/26 13:40:50 report name: TestReport 完成產出
排程 2024/09/26 13:42:09 report name: TestReport 完成產出
排程 2024/09/26 13:46:10 report name: TestReport 完成產出
排程 2024/09/26 13:47:09 report name: TestReport 完成產出
排程 2024/09/26 13:49:11 report name: TestReport 完成產出
排程 2024/09/26 13:54:26 report name: TestReport 完成產出
排程 2024/09/26 13:55:18 report name: TestReport 完成產出
排程 2024/09/26 13:56:17 report name: TestReport 完成產出
排程 2024/09/26 13:57:32 report name: TestReport 完成產出
排程 2024/09/26 13:59:23 report name: TestReport 完成產出
排程 2024/09/26 14:00:00 report name: TestReport 完成產出
排程 2024/09/26 14:00:44 report name: TestReport 完成產出
排程 2024/09/26 14:02:20 report name: TestReport 完成產出
排程 2024/09/26 14:04:39 report name: TestReport 完成產出
排程 2024/09/26 14:06:54 report name: TestReport 完成產出
排程 2024/09/26 14:07:32 report name: TestReport 完成產出
排程 2024/09/26 14:08:51 report name: TestReport 完成產出
排程 2024/09/26 14:09:38 report name: TestReport 完成產出
排程 2024/09/26 14:10:25 report name: TestReport 完成產出
排程 2024/09/26 16:52:29 report name: TestReport 完成產出
排程 2024/09/26 16:53:13 report name: TestReport 完成產出
排程 2024/09/26 17:14:34 報表試寄, Schedule ID : 1
排程 2024/09/26 17:14:34 報表試寄完成, Schedule ID : 1
排程 2024/09/26 17:14:34 schedule name: 每日報表
截圖 2024/09/26 17:14:34 element name: ESinsight_Nodes開始執行截圖
截圖 2024/09/26 17:15:20 element name: ESinsight_Nodes完成截圖
排程 2024/09/26 17:15:31 report name: test_report 開始產出
排程 2024/09/26 17:15:31 report name: test_report 完成產出
排程 2024/09/26 17:15:37 信件送出成功
